<?xml version='1.0'?>
<ns2:test-suite xmlns:ns2='urn:model.allure.qatools.yandex.ru' start='1663063227099' stop='1663063279889'>
    <name>Demofeature: Running chrome and google</name>
    <title>Demofeature: Running chrome and google</title>
    <test-cases>
        <test-case start='1663063227100' status='passed' stop='1663063227101'>
            <name></name>
            <title></title>
            <labels>
                <label name='language' value='javascript'/>
                <label name='framework' value='wdio'/>
                <label name='thread' value='0-0'/>
            </labels>
            <parameters>
                <parameter kind='argument' name='browser' value='chrome-105.0.5195.102'/>
            </parameters>
            <steps/>
            <attachments/>
        </test-case>
        <test-case start='1663063227101' status='passed' stop='1663063279885'>
            <name>Given Google page is opened</name>
            <title>Given Google page is opened</title>
            <labels>
                <label name='language' value='javascript'/>
                <label name='framework' value='wdio'/>
                <label name='thread' value='0-0'/>
            </labels>
            <parameters>
                <parameter kind='argument' name='browser' value='chrome-105.0.5195.102'/>
            </parameters>
            <steps>
                <step start='1663063227103' status='passed' stop='1663063227628'>
                    <name>POST /session/:sessionId/url</name>
                    <title>POST /session/:sessionId/url</title>
                    <attachments>
                        <attachment title='Request' source='2d4fd9f3-6c03-4741-b105-198d0af92a96-attachment.json' type='application/json' size='38'/>
                    </attachments>
                    <steps/>
                </step>
            </steps>
            <attachments/>
        </test-case>
        <test-case start='1663063279885' status='broken' stop='1663063279886'>
            <name>When Search item &lt;SearchItem></name>
            <title>When Search item &lt;SearchItem></title>
            <labels>
                <label name='language' value='javascript'/>
                <label name='framework' value='wdio'/>
                <label name='thread' value='0-0'/>
            </labels>
            <parameters>
                <parameter kind='argument' name='browser' value='chrome-105.0.5195.102'/>
            </parameters>
            <steps/>
            <attachments/>
            <failure>
                <message>Step "Search item &lt;SearchItem>" is not defined. You can ignore this error by setting cucumberOpts.ignoreUndefinedDefinitions as true.</message>
                <stack-trace>Step "Search item &lt;SearchItem>" is not defined. You can ignore this error by setting cucumberOpts.ignoreUndefinedDefinitions as true.
                	at Feature(C:\Users\piotr.kedzierski\Desktop\webio\webio\test\features\demo\demo.feature):1:1
                	at Scenario(Running chrome and google):5:5
                	at Step(Search item &lt;SearchItem>):7:9
                </stack-trace>
            </failure>
        </test-case>
        <test-case start='1663063279886' status='broken' stop='1663063279886'>
            <name>Then Click on first search result</name>
            <title>Then Click on first search result</title>
            <labels>
                <label name='language' value='javascript'/>
                <label name='framework' value='wdio'/>
                <label name='thread' value='0-0'/>
            </labels>
            <parameters>
                <parameter kind='argument' name='browser' value='chrome-105.0.5195.102'/>
            </parameters>
            <steps/>
            <attachments/>
            <failure>
                <message>Step "Click on first search result" is not defined. You can ignore this error by setting cucumberOpts.ignoreUndefinedDefinitions as true.</message>
                <stack-trace>Step "Click on first search result" is not defined. You can ignore this error by setting cucumberOpts.ignoreUndefinedDefinitions as true.
                	at Feature(C:\Users\piotr.kedzierski\Desktop\webio\webio\test\features\demo\demo.feature):1:1
                	at Scenario(Running chrome and google):5:5
                	at Step(Click on first search result):8:9
                </stack-trace>
            </failure>
        </test-case>
        <test-case start='1663063279887' status='broken' stop='1663063279887'>
            <name>Then URL should match https://webdriver.io/</name>
            <title>Then URL should match https://webdriver.io/</title>
            <labels>
                <label name='language' value='javascript'/>
                <label name='framework' value='wdio'/>
                <label name='thread' value='0-0'/>
            </labels>
            <parameters>
                <parameter kind='argument' name='browser' value='chrome-105.0.5195.102'/>
            </parameters>
            <steps/>
            <attachments/>
            <failure>
                <message>Step "URL should match https://webdriver.io/" is not defined. You can ignore this error by setting cucumberOpts.ignoreUndefinedDefinitions as true.</message>
                <stack-trace>Step "URL should match https://webdriver.io/" is not defined. You can ignore this error by setting cucumberOpts.ignoreUndefinedDefinitions as true.
                	at Feature(C:\Users\piotr.kedzierski\Desktop\webio\webio\test\features\demo\demo.feature):1:1
                	at Scenario(Running chrome and google):5:5
                	at Step(URL should match &lt;ExpectedURL>):9:9
                </stack-trace>
            </failure>
        </test-case>
        <test-case start='1663063279887' status='passed' stop='1663063279888'>
            <name></name>
            <title></title>
            <labels>
                <label name='language' value='javascript'/>
                <label name='framework' value='wdio'/>
                <label name='thread' value='0-0'/>
            </labels>
            <parameters>
                <parameter kind='argument' name='browser' value='chrome-105.0.5195.102'/>
            </parameters>
            <steps/>
            <attachments/>
        </test-case>
    </test-cases>
</ns2:test-suite>